{
  "RSpec": {
    "coverage": {
      "/Users/rexlesliegonsalves/Projects/GroupProject/MangoBNB/lib/database_connection.rb": {
        "lines": [
          1,
          null,
          null,
          null,
          null,
          null,
          1,
          null,
          null,
          null,
          1,
          2,
          2,
          null,
          0,
          null,
          2,
          null,
          null,
          null,
          null,
          null,
          1,
          14,
          0,
          null,
          null,
          null,
          14,
          null,
          null
        ]
      },
      "/Users/rexlesliegonsalves/Projects/GroupProject/MangoBNB/spec/integration/app_spec.rb": {
        "lines": [
          null,
          null,
          1,
          1,
          1,
          null,
          1,
          1,
          null,
          12,
          null,
          1,
          1,
          null,
          1,
          null,
          1,
          1,
          null,
          null,
          null,
          1,
          1,
          1,
          null,
          1,
          1,
          null,
          1,
          null,
          1,
          null,
          null,
          null,
          1,
          1,
          null,
          1,
          null,
          1,
          null,
          null,
          null,
          null,
          1,
          1,
          1,
          null,
          1,
          1,
          null,
          1,
          null,
          null,
          null,
          null,
          null,
          1,
          1,
          1,
          null,
          1,
          1,
          null,
          null,
          null,
          1,
          1,
          1,
          null,
          1,
          null,
          null,
          null,
          null,
          1,
          1,
          1,
          null,
          1,
          1,
          null,
          null,
          null,
          1,
          1,
          1,
          null,
          1,
          null,
          null,
          null,
          null,
          1,
          1,
          1,
          null,
          1,
          1,
          null,
          1,
          null,
          1,
          null,
          null,
          null,
          1,
          1,
          1,
          null,
          1,
          1,
          null,
          1,
          null,
          1,
          null,
          null,
          null,
          1,
          1,
          1,
          null,
          1,
          1,
          null,
          null,
          null
        ]
      },
      "/Users/rexlesliegonsalves/Projects/GroupProject/MangoBNB/app.rb": {
        "lines": [
          null,
          1,
          1,
          1,
          1,
          1,
          1,
          1,
          null,
          null,
          1,
          null,
          1,
          null,
          null,
          1,
          1,
          1,
          1,
          null,
          1,
          1,
          1,
          null,
          null,
          1,
          1,
          1,
          null,
          1,
          null,
          null,
          null,
          1,
          1,
          1,
          null,
          null,
          1,
          1,
          null,
          1,
          null,
          1,
          1,
          1,
          1,
          1,
          null,
          null,
          null,
          0,
          null,
          0,
          null,
          null,
          null,
          null,
          1,
          null,
          1,
          1,
          null,
          null,
          1,
          null,
          1,
          null,
          1,
          1,
          null,
          0,
          null,
          null,
          null,
          1,
          1,
          null,
          null,
          1,
          null,
          0,
          null,
          0,
          0,
          null,
          null,
          0,
          0,
          0,
          0,
          0,
          0,
          0,
          null,
          0,
          0,
          0,
          0,
          0,
          null,
          0,
          null,
          null,
          null,
          null,
          1,
          null,
          0,
          null,
          0,
          0,
          null,
          0,
          0,
          0,
          null,
          null,
          null,
          1,
          null,
          null,
          0,
          null,
          null,
          1,
          0,
          null,
          null,
          null,
          null,
          1,
          3,
          null,
          3,
          2,
          null,
          1,
          1,
          null,
          1,
          null,
          null,
          null,
          1,
          null,
          1,
          1,
          null,
          null,
          1,
          1,
          1,
          1,
          1,
          1,
          1,
          null,
          1,
          null,
          null,
          1,
          1,
          null,
          1,
          1,
          null,
          0,
          null,
          null,
          null,
          1,
          null,
          null,
          null,
          2,
          2,
          null,
          null,
          2,
          2,
          null,
          2,
          1,
          1,
          null,
          1,
          null,
          1,
          null,
          0,
          null,
          null,
          null,
          null,
          1,
          2,
          null,
          null,
          null
        ]
      },
      "/Users/rexlesliegonsalves/Projects/GroupProject/MangoBNB/lib/user_repository.rb": {
        "lines": [
          1,
          1,
          null,
          1,
          1,
          3,
          null,
          null,
          3,
          3,
          null,
          null,
          null,
          null,
          3,
          null,
          null,
          null,
          14,
          14,
          14,
          14,
          null,
          14,
          null,
          3,
          null,
          null,
          1,
          4,
          4,
          4,
          2,
          null,
          2,
          null,
          2,
          2,
          null,
          2,
          null,
          null,
          null,
          null,
          null,
          null,
          null,
          null,
          null,
          1,
          2,
          2,
          null,
          2,
          null,
          null
        ]
      },
      "/Users/rexlesliegonsalves/Projects/GroupProject/MangoBNB/lib/user.rb": {
        "lines": [
          1,
          1,
          null
        ]
      },
      "/Users/rexlesliegonsalves/Projects/GroupProject/MangoBNB/lib/space_repository.rb": {
        "lines": [
          1,
          1,
          null,
          1,
          1,
          3,
          null,
          null,
          3,
          3,
          null,
          null,
          null,
          null,
          3,
          null,
          null,
          null,
          24,
          24,
          24,
          24,
          24,
          24,
          24,
          24,
          null,
          24,
          null,
          3,
          null,
          null,
          null,
          null,
          null,
          null,
          null,
          null,
          null,
          null,
          null,
          null,
          null,
          null,
          1,
          2,
          2,
          null,
          2,
          null,
          null
        ]
      },
      "/Users/rexlesliegonsalves/Projects/GroupProject/MangoBNB/lib/space.rb": {
        "lines": [
          1,
          1,
          null
        ]
      },
      "/Users/rexlesliegonsalves/Projects/GroupProject/MangoBNB/spec/spaces_repository_spec.rb": {
        "lines": [
          1,
          1,
          null,
          null,
          1,
          2,
          2,
          2,
          null,
          null,
          1,
          1,
          2,
          null,
          null,
          1,
          1,
          null,
          1,
          null,
          1,
          1,
          null,
          null,
          null,
          null,
          null,
          null,
          null,
          null,
          null,
          null,
          null,
          1,
          1,
          null,
          1,
          1,
          1,
          1,
          1,
          1,
          1,
          1,
          null,
          1,
          null,
          1,
          1,
          null,
          null
        ]
      },
      "/Users/rexlesliegonsalves/Projects/GroupProject/MangoBNB/spec/users_repository_spec.rb": {
        "lines": [
          1,
          1,
          null,
          null,
          1,
          3,
          3,
          3,
          null,
          null,
          1,
          1,
          3,
          null,
          null,
          1,
          1,
          null,
          1,
          null,
          1,
          1,
          null,
          null,
          null,
          null,
          null,
          null,
          null,
          null,
          null,
          null,
          null,
          1,
          1,
          null,
          1,
          1,
          1,
          1,
          null,
          1,
          null,
          1,
          1,
          null,
          null,
          1,
          1,
          null,
          1,
          null,
          null,
          1,
          null,
          null,
          null,
          null,
          null
        ]
      }
    },
    "timestamp": 1662731213
  }
}
